Apr 07, 2019 11:08:09.827 [0x7fceb5f9f700] INFO - Plex Media Scanner v1.15.2.793-782228f99 - Docker Docker Container (LinuxServer.io) x86_64 - build: linux-x86_64 - GMT 00:00
Apr 07, 2019 11:08:09.827 [0x7fceb5f9f700] INFO - Linux version: 4.15.0-47-generic, language: en-US
Apr 07, 2019 11:08:09.827 [0x7fceb5f9f700] INFO - Processor AMD FX(tm)-6200 Six-Core Processor             
Apr 07, 2019 11:08:09.827 [0x7fceb5f9f700] INFO - /usr/lib/plexmediaserver/Plex Media Scanner --analyze --log-file-suffix  Analysis --item 2241
Apr 07, 2019 11:08:09.830 [0x7fcebe50ab80] DEBUG - Opening 20 database sessions to library (com.plexapp.plugins.library), SQLite 3.26.0, threadsafe=1
Apr 07, 2019 11:08:09.957 [0x7fcebe50ab80] DEBUG - Analyzing media parts for item 2241 (Metal Injection - Episode 301 (Children Of Bodom,Behemoth,Bury Your Dead,Sentenced)): 2006
Apr 07, 2019 11:08:09.957 [0x7fcebe50ab80] DEBUG - [ID 2006] Media part analysis: /music/New/Children Of Bodom/Children Of Bodom - Video/Metal Injection - Episode 301 (Children Of Bodom,Behemoth,Bury Your Dead,Sentenced).wmv
Apr 07, 2019 11:08:09.957 [0x7fcebe50ab80] DEBUG - [MI] Opening input file: "/music/New/Children Of Bodom/Children Of Bodom - Video/Metal Injection - Episode 301 (Children Of Bodom,Behemoth,Bury Your Dead,Sentenced).wmv"
Apr 07, 2019 11:08:09.958 [0x7fcebe50ab80] DEBUG - [FFMPEG] - Opening '/music/New/Children Of Bodom/Children Of Bodom - Video/Metal Injection - Episode 301 (Children Of Bodom,Behemoth,Bury Your Dead,Sentenced).wmv' for reading
Apr 07, 2019 11:08:09.958 [0x7fcebe50ab80] DEBUG - [FFMPEG] - Setting default whitelist 'file,crypto'
Apr 07, 2019 11:08:09.980 [0x7fcebe50ab80] DEBUG - [FFMPEG] - Format asf probed with size=2048 and score=100
Apr 07, 2019 11:08:09.980 [0x7fcebe50ab80] DEBUG - [FFMPEG] - gpos mismatch our pos=24, end=26
Apr 07, 2019 11:08:09.980 [0x7fcebe50ab80] DEBUG - [FFMPEG] - gpos mismatch our pos=24, end=3728
Apr 07, 2019 11:08:09.980 [0x7fcebe50ab80] DEBUG - [FFMPEG] - Payload extension 54 2
Apr 07, 2019 11:08:09.980 [0x7fcebe50ab80] DEBUG - [FFMPEG] - Payload extension 50 2
Apr 07, 2019 11:08:09.980 [0x7fcebe50ab80] DEBUG - [FFMPEG] - gpos mismatch our pos=24, end=38
Apr 07, 2019 11:08:09.980 [0x7fcebe50ab80] DEBUG - [FFMPEG] - gpos mismatch our pos=24, end=246
Apr 07, 2019 11:08:09.996 [0x7fcebe50ab80] DEBUG - [FFMPEG] - gpos mismatch our pos=24, end=38
Apr 07, 2019 11:08:09.996 [0x7fcebe50ab80] INFO - CodecManager: obtaining decoder 'wmv2'
Apr 07, 2019 11:08:09.997 [0x7fcebe50ab80] DEBUG - HTTP requesting GET https://plex.tv/api/codecs/wmv2_decoder?build=linux-x86_64-standard&deviceId=edc06a4b-31d8-482b-95ed-0b9f5e7bc87f&oldestPreviousVersion=1%2E15%2E2%2E793-782228f99&version=a22632d-2132
Apr 07, 2019 11:08:10.324 [0x7fcebe50ab80] DEBUG - HTTP 200 response from GET https://plex.tv/api/codecs/wmv2_decoder?build=linux-x86_64-standard&deviceId=edc06a4b-31d8-482b-95ed-0b9f5e7bc87f&oldestPreviousVersion=1%2E15%2E2%2E793-782228f99&version=a22632d-2132
Apr 07, 2019 11:08:10.325 [0x7fcebe50ab80] DEBUG - HTTP requesting GET https://downloads.plex.tv/codecs/a22632d-2132/linux-x86_64-standard/libwmv2_decoder.so
Apr 07, 2019 11:08:11.402 [0x7fcebe50ab80] DEBUG - HTTP 200 response from GET https://downloads.plex.tv/codecs/a22632d-2132/linux-x86_64-standard/libwmv2_decoder.so
Apr 07, 2019 11:08:11.409 [0x7fcebe50ab80] DEBUG - [FFMPEG] - Before avformat_find_stream_info() pos: 5322 bytes read:32768 seeks:0 nb_streams:2
Apr 07, 2019 11:08:11.433 [0x7fcebe50ab80] DEBUG - [FFMPEG] - All info found
Apr 07, 2019 11:08:11.433 [0x7fcebe50ab80] DEBUG - [FFMPEG] - rfps: 29.833333 0.011499
Apr 07, 2019 11:08:11.433 [0x7fcebe50ab80] DEBUG - [FFMPEG] - rfps: 29.833333 0.011499
Apr 07, 2019 11:08:11.433 [0x7fcebe50ab80] DEBUG - [FFMPEG] - rfps: 29.916667 0.001827
Apr 07, 2019 11:08:11.433 [0x7fcebe50ab80] DEBUG - [FFMPEG] - rfps: 29.916667 0.001827
Apr 07, 2019 11:08:11.433 [0x7fcebe50ab80] DEBUG - [FFMPEG] - rfps: 30.000000 0.000609
Apr 07, 2019 11:08:11.433 [0x7fcebe50ab80] DEBUG - [FFMPEG] - rfps: 60.000000 0.002434
Apr 07, 2019 11:08:11.433 [0x7fcebe50ab80] DEBUG - [FFMPEG] - rfps: 120.000000 0.009736
Apr 07, 2019 11:08:11.433 [0x7fcebe50ab80] DEBUG - [FFMPEG] - rfps: 29.970030 0.000074
Apr 07, 2019 11:08:11.433 [0x7fcebe50ab80] DEBUG - [FFMPEG] - rfps: 59.940060 0.000294
Apr 07, 2019 11:08:11.433 [0x7fcebe50ab80] DEBUG - [FFMPEG] - Setting avg frame rate based on r frame rate
Apr 07, 2019 11:08:11.436 [0x7fcebe50ab80] DEBUG - [FFMPEG] - After avformat_find_stream_info() pos: 107584 bytes read:131072 seeks:0 frames:83
Apr 07, 2019 11:08:11.437 [0x7fcebe50ab80] DEBUG - [MI]  * 81feffd62eb2540cafb5b2568b61d73243012e4e [asf wmv2/wmav2] Duration: 1701577ms, 320x240 (1.333333) 29.970fps, bitrate=358kbps, audio channels=2, optimizedForStreaming=0 ("/music/New/Children Of Bodom/Children Of Bodom - Video/Metal Injection - Episode 301 (Children Of Bodom,Behemoth,Bury Your Dead,Sentenced).wmv")
Apr 07, 2019 11:08:11.437 [0x7fcebe50ab80] DEBUG - [MI] Chapters had generic titles, clearing.
Apr 07, 2019 11:08:11.438 [0x7fcebe50ab80] DEBUG - [MI] Closing input file: "/music/New/Children Of Bodom/Children Of Bodom - Video/Metal Injection - Episode 301 (Children Of Bodom,Behemoth,Bury Your Dead,Sentenced).wmv"
Apr 07, 2019 11:08:11.438 [0x7fcebe50ab80] DEBUG - [FFMPEG] - Statistics: 131072 bytes read, 0 seeks
Apr 07, 2019 11:08:11.479 [0x7fcebe50ab80] DEBUG - Committing media stream changes for part 2006
Apr 07, 2019 11:08:11.488 [0x7fcebe50ab80] DEBUG - Updating media item 2006, size=76219838, metadata_item_id=2241
Apr 07, 2019 11:08:11.488 [0x7fcebe50ab80] DEBUG - Updating part with ID=2006 [/music/New/Children Of Bodom/Children Of Bodom - Video/Metal Injection - Episode 301 (Children Of Bodom,Behemoth,Bury Your Dead,Sentenced).wmv]
Apr 07, 2019 11:08:11.496 [0x7fcebe50ab80] DEBUG - [MI] Opening input file: "/music/New/Children Of Bodom/Children Of Bodom - Video/Metal Injection - Episode 301 (Children Of Bodom,Behemoth,Bury Your Dead,Sentenced).wmv"
Apr 07, 2019 11:08:11.496 [0x7fcebe50ab80] DEBUG - [FFMPEG] - Opening '/music/New/Children Of Bodom/Children Of Bodom - Video/Metal Injection - Episode 301 (Children Of Bodom,Behemoth,Bury Your Dead,Sentenced).wmv' for reading
Apr 07, 2019 11:08:11.496 [0x7fcebe50ab80] DEBUG - [FFMPEG] - Setting default whitelist 'file,crypto'
Apr 07, 2019 11:08:11.509 [0x7fcebe50ab80] DEBUG - [FFMPEG] - Format asf probed with size=2048 and score=100
Apr 07, 2019 11:08:11.509 [0x7fcebe50ab80] DEBUG - [FFMPEG] - gpos mismatch our pos=24, end=26
Apr 07, 2019 11:08:11.510 [0x7fcebe50ab80] DEBUG - [FFMPEG] - gpos mismatch our pos=24, end=3728
Apr 07, 2019 11:08:11.510 [0x7fcebe50ab80] DEBUG - [FFMPEG] - Payload extension 54 2
Apr 07, 2019 11:08:11.510 [0x7fcebe50ab80] DEBUG - [FFMPEG] - Payload extension 50 2
Apr 07, 2019 11:08:11.510 [0x7fcebe50ab80] DEBUG - [FFMPEG] - gpos mismatch our pos=24, end=38
Apr 07, 2019 11:08:11.510 [0x7fcebe50ab80] DEBUG - [FFMPEG] - gpos mismatch our pos=24, end=246
Apr 07, 2019 11:08:11.524 [0x7fcebe50ab80] DEBUG - [FFMPEG] - gpos mismatch our pos=24, end=38
Apr 07, 2019 11:08:11.524 [0x7fcebe50ab80] DEBUG - [FFMPEG] - Before avformat_find_stream_info() pos: 5322 bytes read:32768 seeks:0 nb_streams:2
Apr 07, 2019 11:08:11.526 [0x7fcebe50ab80] DEBUG - [FFMPEG] - All info found
Apr 07, 2019 11:08:11.526 [0x7fcebe50ab80] DEBUG - [FFMPEG] - rfps: 29.833333 0.011499
Apr 07, 2019 11:08:11.526 [0x7fcebe50ab80] DEBUG - [FFMPEG] - rfps: 29.833333 0.011499
Apr 07, 2019 11:08:11.526 [0x7fcebe50ab80] DEBUG - [FFMPEG] - rfps: 29.916667 0.001827
Apr 07, 2019 11:08:11.526 [0x7fcebe50ab80] DEBUG - [FFMPEG] - rfps: 29.916667 0.001827
Apr 07, 2019 11:08:11.526 [0x7fcebe50ab80] DEBUG - [FFMPEG] - rfps: 30.000000 0.000609
Apr 07, 2019 11:08:11.526 [0x7fcebe50ab80] DEBUG - [FFMPEG] - rfps: 60.000000 0.002434
Apr 07, 2019 11:08:11.527 [0x7fcebe50ab80] DEBUG - [FFMPEG] - rfps: 120.000000 0.009736
Apr 07, 2019 11:08:11.527 [0x7fcebe50ab80] DEBUG - [FFMPEG] - rfps: 29.970030 0.000074
Apr 07, 2019 11:08:11.527 [0x7fcebe50ab80] DEBUG - [FFMPEG] - rfps: 59.940060 0.000294
Apr 07, 2019 11:08:11.527 [0x7fcebe50ab80] DEBUG - [FFMPEG] - Setting avg frame rate based on r frame rate
Apr 07, 2019 11:08:11.528 [0x7fcebe50ab80] DEBUG - [FFMPEG] - After avformat_find_stream_info() pos: 107584 bytes read:131072 seeks:0 frames:83
Apr 07, 2019 11:08:11.528 [0x7fcebe50ab80] DEBUG - Creating /config/Library/Application Support/Plex Media Server/Media/localhost/8/1feffd62eb2540cafb5b2568b61d73243012e4e.bundle/Contents/Thumbnails/thumb1.jpg (50.0%, 720x512).
Apr 07, 2019 11:08:11.529 [0x7fcebe50ab80] DEBUG - [FFMPEG] - Format yuv420p chosen by get_format().
Apr 07, 2019 11:08:11.549 [0x7fcebe50ab80] DEBUG - [FFMPEG] - itime:0x989680, pct:17, ict:1708
Apr 07, 2019 11:08:11.549 [0x7fcebe50ab80] DEBUG - [FFMPEG] - pktnum:0, pktct:1  pts: 0
Apr 07, 2019 11:08:11.549 [0x7fcebe50ab80] DEBUG - [FFMPEG] - pktnum:150, pktct:7  pts: 5000
Apr 07, 2019 11:08:11.549 [0x7fcebe50ab80] DEBUG - [FFMPEG] - pktnum:228, pktct:4  pts: 7000
Apr 07, 2019 11:08:11.549 [0x7fcebe50ab80] DEBUG - [FFMPEG] - pktnum:271, pktct:5  pts: 8000
Apr 07, 2019 11:08:11.549 [0x7fcebe50ab80] DEBUG - [FFMPEG] - pktnum:301, pktct:6  pts: 9000
Apr 07, 2019 11:08:11.549 [0x7fcebe50ab80] DEBUG - [FFMPEG] - pktnum:397, pktct:4  pts: 11000
Apr 07, 2019 11:08:11.549 [0x7fcebe50ab80] DEBUG - [FFMPEG] - pktnum:441, pktct:8  pts: 13000
Apr 07, 2019 11:08:11.549 [0x7fcebe50ab80] DEBUG - [FFMPEG] - pktnum:487, pktct:5  pts: 14000
Apr 07, 2019 11:08:11.549 [0x7fcebe50ab80] DEBUG - [FFMPEG] - pktnum:555, pktct:5  pts: 16000
Apr 07, 2019 11:08:11.549 [0x7fcebe50ab80] DEBUG - [FFMPEG] - pktnum:586, pktct:7  pts: 17000
Apr 07, 2019 11:08:11.550 [0x7fcebe50ab80] DEBUG - [FFMPEG] - pktnum:625, pktct:5  pts: 18000
Apr 07, 2019 11:08:11.550 [0x7fcebe50ab80] DEBUG - [FFMPEG] - pktnum:653, pktct:2  pts: 19000
Apr 07, 2019 11:08:11.550 [0x7fcebe50ab80] DEBUG - [FFMPEG] - pktnum:669, pktct:9  pts: 20000
Apr 07, 2019 11:08:11.550 [0x7fcebe50ab80] DEBUG - [FFMPEG] - pktnum:724, pktct:3  pts: 21000
Apr 07, 2019 11:08:11.550 [0x7fcebe50ab80] DEBUG - [FFMPEG] - pktnum:740, pktct:4  pts: 22000
Apr 07, 2019 11:08:11.550 [0x7fcebe50ab80] DEBUG - [FFMPEG] - pktnum:766, pktct:4  pts: 23000
Apr 07, 2019 11:08:11.550 [0x7fcebe50ab80] DEBUG - [FFMPEG] - pktnum:803, pktct:2  pts: 24000
Apr 07, 2019 11:08:11.550 [0x7fcebe50ab80] DEBUG - [FFMPEG] - pktnum:848, pktct:6  pts: 26000
Apr 07, 2019 11:08:11.550 [0x7fcebe50ab80] DEBUG - [FFMPEG] - pktnum:888, pktct:4  pts: 27000
Apr 07, 2019 11:08:11.550 [0x7fcebe50ab80] DEBUG - [FFMPEG] - pktnum:939, pktct:3  pts: 29000
Apr 07, 2019 11:08:11.550 [0x7fcebe50ab80] DEBUG - [FFMPEG] - pktnum:972, pktct:4  pts: 30000
Apr 07, 2019 11:08:11.550 [0x7fcebe50ab80] DEBUG - [FFMPEG] - pktnum:1001, pktct:3  pts: 31000
Apr 07, 2019 11:08:11.550 [0x7fcebe50ab80] DEBUG - [FFMPEG] - pktnum:1025, pktct:7  pts: 32000
Apr 07, 2019 11:08:11.550 [0x7fcebe50ab80] DEBUG - [FFMPEG] - pktnum:1068, pktct:7  pts: 33000
Apr 07, 2019 11:08:11.550 [0x7fcebe50ab80] DEBUG - [FFMPEG] - pktnum:1097, pktct:3  pts: 34000
Apr 07, 2019 11:08:11.550 [0x7fcebe50ab80] DEBUG - [FFMPEG] - pktnum:1132, pktct:8  pts: 35000
Apr 07, 2019 11:08:11.550 [0x7fcebe50ab80] DEBUG - [FFMPEG] - pktnum:1187, pktct:2  pts: 36000
Apr 07, 2019 11:08:11.550 [0x7fcebe50ab80] DEBUG - [FFMPEG] - pktnum:1225, pktct:5  pts: 38000
Apr 07, 2019 11:08:11.550 [0x7fcebe50ab80] DEBUG - [FFMPEG] - pktnum:1280, pktct:3  pts: 39000
Apr 07, 2019 11:08:11.550 [0x7fcebe50ab80] DEBUG - [FFMPEG] - pktnum:1312, pktct:3  pts: 41000
Apr 07, 2019 11:08:11.550 [0x7fcebe50ab80] DEBUG - [FFMPEG] - pktnum:1377, pktct:10  pts: 42000
Apr 07, 2019 11:08:11.550 [0x7fcebe50ab80] DEBUG - [FFMPEG] - pktnum:1405, pktct:14  pts: 43000
Apr 07, 2019 11:08:11.550 [0x7fcebe50ab80] DEBUG - [FFMPEG] - pktnum:1469, pktct:16  pts: 44000
Apr 07, 2019 11:08:11.550 [0x7fcebe50ab80] DEBUG - [FFMPEG] - pktnum:1489, pktct:5  pts: 45000
Apr 07, 2019 11:08:11.550 [0x7fcebe50ab80] DEBUG - [FFMPEG] - pktnum:1553, pktct:5  pts: 47000
Apr 07, 2019 11:08:11.550 [0x7fcebe50ab80] DEBUG - [FFMPEG] - pktnum:1821, pktct:7  pts: 57000
Apr 07, 2019 11:08:11.550 [0x7fcebe50ab80] DEBUG - [FFMPEG] - pktnum:1882, pktct:3  pts: 59000
Apr 07, 2019 11:08:11.550 [0x7fcebe50ab80] DEBUG - [FFMPEG] - pktnum:2031, pktct:5  pts: 64000
Apr 07, 2019 11:08:11.550 [0x7fcebe50ab80] DEBUG - [FFMPEG] - pktnum:2174, pktct:5  pts: 69000
Apr 07, 2019 11:08:11.550 [0x7fcebe50ab80] DEBUG - [FFMPEG] - pktnum:2283, pktct:7  pts: 72000
Apr 07, 2019 11:08:11.550 [0x7fcebe50ab80] DEBUG - [FFMPEG] - pktnum:2594, pktct:14  pts: 82000
Apr 07, 2019 11:08:11.550 [0x7fcebe50ab80] DEBUG - [FFMPEG] - pktnum:2894, pktct:11  pts: 92000
Apr 07, 2019 11:08:11.550 [0x7fcebe50ab80] DEBUG - [FFMPEG] - pktnum:3222, pktct:12  pts: 102000
Apr 07, 2019 11:08:11.550 [0x7fcebe50ab80] DEBUG - [FFMPEG] - pktnum:3527, pktct:10  pts: 112000
Apr 07, 2019 11:08:11.550 [0x7fcebe50ab80] DEBUG - [FFMPEG] - pktnum:3768, pktct:11  pts: 120000
Apr 07, 2019 11:08:11.550 [0x7fcebe50ab80] DEBUG - [FFMPEG] - pktnum:3816, pktct:4  pts: 121000
Apr 07, 2019 11:08:11.551 [0x7fcebe50ab80] DEBUG - [FFMPEG] - pktnum:3872, pktct:5  pts: 123000
Apr 07, 2019 11:08:11.551 [0x7fcebe50ab80] DEBUG - [FFMPEG] - pktnum:4182, pktct:7  pts: 133000
Apr 07, 2019 11:08:11.551 [0x7fcebe50ab80] DEBUG - [FFMPEG] - pktnum:4496, pktct:10  pts: 143000
Apr 07, 2019 11:08:11.551 [0x7fcebe50ab80] DEBUG - [FFMPEG] - pktnum:4810, pktct:8  pts: 153000
Apr 07, 2019 11:08:11.551 [0x7fcebe50ab80] DEBUG - [FFMPEG] - pktnum:5039, pktct:6  pts: 160000
Apr 07, 2019 11:08:11.551 [0x7fcebe50ab80] DEBUG - [FFMPEG] - pktnum:5104, pktct:5  pts: 162000
Apr 07, 2019 11:08:11.551 [0x7fcebe50ab80] DEBUG - [FFMPEG] - pktnum:5414, pktct:5  pts: 172000
Apr 07, 2019 11:08:11.551 [0x7fcebe50ab80] DEBUG - [FFMPEG] - pktnum:5720, pktct:7  pts: 182000
Apr 07, 2019 11:08:11.551 [0x7fcebe50ab80] DEBUG - [FFMPEG] - pktnum:5745, pktct:15  pts: 183000
Apr 07, 2019 11:08:11.551 [0x7fcebe50ab80] DEBUG - [FFMPEG] - pktnum:5822, pktct:8  pts: 185000
Apr 07, 2019 11:08:11.551 [0x7fcebe50ab80] DEBUG - [FFMPEG] - pktnum:5907, pktct:9  pts: 188000
Apr 07, 2019 11:08:11.551 [0x7fcebe50ab80] DEBUG - [FFMPEG] - pktnum:6062, pktct:3  pts: 193000
Apr 07, 2019 11:08:11.551 [0x7fcebe50ab80] DEBUG - [FFMPEG] - pktnum:6242, pktct:13  pts: 199000
Apr 07, 2019 11:08:11.551 [0x7fcebe50ab80] DEBUG - [FFMPEG] - pktnum:6289, pktct:5  pts: 200000
Apr 07, 2019 11:08:11.551 [0x7fcebe50ab80] DEBUG - [FFMPEG] - pktnum:6593, pktct:11  pts: 210000
Apr 07, 2019 11:08:11.551 [0x7fcebe50ab80] DEBUG - [FFMPEG] - pktnum:6908, pktct:10  pts: 220000
Apr 07, 2019 11:08:11.551 [0x7fcebe50ab80] DEBUG - [FFMPEG] - pktnum:7077, pktct:7  pts: 226000
Apr 07, 2019 11:08:11.551 [0x7fcebe50ab80] DEBUG - [FFMPEG] - pktnum:7184, pktct:8  pts: 229000
Apr 07, 2019 11:08:11.551 [0x7fcebe50ab80] DEBUG - [FFMPEG] - pktnum:7465, pktct:6  pts: 238000
Apr 07, 2019 11:08:11.552 [0x7fcebe50ab80] DEBUG - [FFMPEG] - pktnum:7776, pktct:4  pts: 248000
Apr 07, 2019 11:08:11.552 [0x7fcebe50ab80] DEBUG - [FFMPEG] - pktnum:8082, pktct:8  pts: 258000
Apr 07, 2019 11:08:11.552 [0x7fcebe50ab80] DEBUG - [FFMPEG] - pktnum:8396, pktct:8  pts: 268000
Apr 07, 2019 11:08:11.552 [0x7fcebe50ab80] DEBUG - [FFMPEG] - pktnum:8710, pktct:8  pts: 278000
Apr 07, 2019 11:08:11.552 [0x7fcebe50ab80] DEBUG - [FFMPEG] - pktnum:9020, pktct:5  pts: 288000
Apr 07, 2019 11:08:11.552 [0x7fcebe50ab80] DEBUG - [FFMPEG] - pktnum:9338, pktct:7  pts: 298000
Apr 07, 2019 11:08:11.552 [0x7fcebe50ab80] DEBUG - [FFMPEG] - pktnum:9577, pktct:1  pts: 306000
Apr 07, 2019 11:08:11.552 [0x7fcebe50ab80] DEBUG - [FFMPEG] - pktnum:9584, pktct:3  pts: 307000
Apr 07, 2019 11:08:11.552 [0x7fcebe50ab80] DEBUG - [FFMPEG] - pktnum:9902, pktct:3  pts: 316000
Apr 07, 2019 11:08:11.552 [0x7fcebe50ab80] DEBUG - [FFMPEG] - pktnum:9997, pktct:5  pts: 319000
Apr 07, 2019 11:08:11.552 [0x7fcebe50ab80] DEBUG - [FFMPEG] - pktnum:10100, pktct:4  pts: 322000
Apr 07, 2019 11:08:11.552 [0x7fcebe50ab80] DEBUG - [FFMPEG] - pktnum:10149, pktct:6  pts: 324000
Apr 07, 2019 11:08:11.552 [0x7fcebe50ab80] DEBUG - [FFMPEG] - pktnum:10208, pktct:4  pts: 326000
Apr 07, 2019 11:08:11.552 [0x7fcebe50ab80] DEBUG - [FFMPEG] - pktnum:10289, pktct:4  pts: 328000
Apr 07, 2019 11:08:11.552 [0x7fcebe50ab80] DEBUG - [FFMPEG] - pktnum:10319, pktct:3  pts: 329000
Apr 07, 2019 11:08:11.552 [0x7fcebe50ab80] DEBUG - [FFMPEG] - pktnum:10341, pktct:5  pts: 330000
Apr 07, 2019 11:08:11.552 [0x7fcebe50ab80] DEBUG - [FFMPEG] - pktnum:10383, pktct:4  pts: 331000
Apr 07, 2019 11:08:11.552 [0x7fcebe50ab80] DEBUG - [FFMPEG] - pktnum:10428, pktct:4  pts: 333000
Apr 07, 2019 11:08:11.552 [0x7fcebe50ab80] DEBUG - [FFMPEG] - pktnum:10468, pktct:2  pts: 334000
Apr 07, 2019 11:08:11.552 [0x7fcebe50ab80] DEBUG - [FFMPEG] - pktnum:10506, pktct:4  pts: 336000
Apr 07, 2019 11:08:11.552 [0x7fcebe50ab80] DEBUG - [FFMPEG] - pktnum:10570, pktct:2  pts: 337000
Apr 07, 2019 11:08:11.552 [0x7fcebe50ab80] DEBUG - [FFMPEG] - pktnum:10586, pktct:4  pts: 338000
Apr 07, 2019 11:08:11.552 [0x7fcebe50ab80] DEBUG - [FFMPEG] - pktnum:10630, pktct:2  pts: 339000
Apr 07, 2019 11:08:11.552 [0x7fcebe50ab80] DEBUG - [FFMPEG] - pktnum:10647, pktct:4  pts: 340000
Apr 07, 2019 11:08:11.552 [0x7fcebe50ab80] DEBUG - [FFMPEG] - pktnum:10701, pktct:4  pts: 342000
Apr 07, 2019 11:08:11.552 [0x7fcebe50ab80] DEBUG - [FFMPEG] - pktnum:10766, pktct:4  pts: 344000
Apr 07, 2019 11:08:11.552 [0x7fcebe50ab80] DEBUG - [FFMPEG] - pktnum:10876, pktct:6  pts: 347000
Apr 07, 2019 11:08:11.553 [0x7fcebe50ab80] DEBUG - [FFMPEG] - pktnum:10943, pktct:2  pts: 349000
Apr 07, 2019 11:08:11.553 [0x7fcebe50ab80] DEBUG - [FFMPEG] - pktnum:10979, pktct:2  pts: 351000
Apr 07, 2019 11:08:11.553 [0x7fcebe50ab80] DEBUG - [FFMPEG] - pktnum:11051, pktct:4  pts: 353000
Apr 07, 2019 11:08:11.553 [0x7fcebe50ab80] DEBUG - [FFMPEG] - pktnum:11125, pktct:3  pts: 355000
Apr 07, 2019 11:08:11.553 [0x7fcebe50ab80] DEBUG - [FFMPEG] - pktnum:11180, pktct:3  pts: 357000
Apr 07, 2019 11:08:11.553 [0x7fcebe50ab80] DEBUG - [FFMPEG] - pktnum:11216, pktct:2  pts: 358000
Apr 07, 2019 11:08:11.553 [0x7fcebe50ab80] DEBUG - [FFMPEG] - pktnum:11239, pktct:6  pts: 359000
Apr 07, 2019 11:08:11.553 [0x7fcebe50ab80] DEBUG - [FFMPEG] - pktnum:11351, pktct:3  pts: 363000
Apr 07, 2019 11:08:11.553 [0x7fcebe50ab80] DEBUG - [FFMPEG] - pktnum:11623, pktct:7  pts: 371000
Apr 07, 2019 11:08:11.553 [0x7fcebe50ab80] DEBUG - [FFMPEG] - pktnum:11717, pktct:5  pts: 374000
Apr 07, 2019 11:08:11.553 [0x7fcebe50ab80] DEBUG - [FFMPEG] - pktnum:11870, pktct:6  pts: 379000
Apr 07, 2019 11:08:11.553 [0x7fcebe50ab80] DEBUG - [FFMPEG] - pktnum:11905, pktct:4  pts: 380000
Apr 07, 2019 11:08:11.553 [0x7fcebe50ab80] DEBUG - [FFMPEG] - pktnum:11944, pktct:4  pts: 382000
Apr 07, 2019 11:08:11.553 [0x7fcebe50ab80] DEBUG - [FFMPEG] - pktnum:12145, pktct:4  pts: 388000
Apr 07, 2019 11:08:11.553 [0x7fcebe50ab80] DEBUG - [FFMPEG] - pktnum:12251, pktct:3  pts: 391000
Apr 07, 2019 11:08:11.553 [0x7fcebe50ab80] DEBUG - [FFMPEG] - pktnum:12277, pktct:3  pts: 392000
Apr 07, 2019 11:08:11.553 [0x7fcebe50ab80] DEBUG - [FFMPEG] - pktnum:12293, pktct:4  pts: 393000
Apr 07, 2019 11:08:11.553 [0x7fcebe50ab80] DEBUG - [FFMPEG] - pktnum:12372, pktct:5  pts: 395000
Apr 07, 2019 11:08:11.553 [0x7fcebe50ab80] DEBUG - [FFMPEG] - pktnum:12549, pktct:2  pts: 401000
Apr 07, 2019 11:08:11.553 [0x7fcebe50ab80] DEBUG - [FFMPEG] - pktnum:12680, pktct:5  pts: 405000
Apr 07, 2019 11:08:11.553 [0x7fcebe50ab80] DEBUG - [FFMPEG] - pktnum:12708, pktct:4  pts: 406000
Apr 07, 2019 11:08:11.553 [0x7fcebe50ab80] DEBUG - [FFMPEG] - pktnum:12802, pktct:4  pts: 409000
Apr 07, 2019 11:08:11.553 [0x7fcebe50ab80] DEBUG - [FFMPEG] - pktnum:13093, pktct:4  pts: 418000
Apr 07, 2019 11:08:11.553 [0x7fcebe50ab80] DEBUG - [FFMPEG] - pktnum:13107, pktct:3  pts: 419000
Apr 07, 2019 11:08:11.553 [0x7fcebe50ab80] DEBUG - [FFMPEG] - pktnum:13166, pktct:1  pts: 421000
Apr 07, 2019 11:08:11.553 [0x7fcebe50ab80] DEBUG - [FFMPEG] - pktnum:13276, pktct:2  pts: 424000
Apr 07, 2019 11:08:11.553 [0x7fcebe50ab80] DEBUG - [FFMPEG] - pktnum:13321, pktct:2  pts: 426000
Apr 07, 2019 11:08:11.553 [0x7fcebe50ab80] DEBUG - [FFMPEG] - pktnum:13381, pktct:5  pts: 428000
Apr 07, 2019 11:08:11.553 [0x7fcebe50ab80] DEBUG - [FFMPEG] - pktnum:13469, pktct:3  pts: 430000
Apr 07, 2019 11:08:11.553 [0x7fcebe50ab80] DEBUG - [FFMPEG] - pktnum:13626, pktct:5  pts: 435000
Apr 07, 2019 11:08:11.553 [0x7fcebe50ab80] DEBUG - [FFMPEG] - pktnum:13646, pktct:2  pts: 436000
Apr 07, 2019 11:08:11.554 [0x7fcebe50ab80] DEBUG - [FFMPEG] - pktnum:13719, pktct:2  pts: 438000
Apr 07, 2019 11:08:11.554 [0x7fcebe50ab80] DEBUG - [FFMPEG] - pktnum:13907, pktct:3  pts: 445000
Apr 07, 2019 11:08:11.554 [0x7fcebe50ab80] DEBUG - [FFMPEG] - pktnum:13952, pktct:5  pts: 446000
Apr 07, 2019 11:08:11.554 [0x7fcebe50ab80] DEBUG - [FFMPEG] - pktnum:13977, pktct:3  pts: 447000
Apr 07, 2019 11:08:11.554 [0x7fcebe50ab80] DEBUG - [FFMPEG] - pktnum:14095, pktct:3  pts: 450000
Apr 07, 2019 11:08:11.554 [0x7fcebe50ab80] DEBUG - [FFMPEG] - pktnum:14216, pktct:4  pts: 454000
Apr 07, 2019 11:08:11.554 [0x7fcebe50ab80] DEBUG - [FFMPEG] - pktnum:14264, pktct:4  pts: 456000
Apr 07, 2019 11:08:11.554 [0x7fcebe50ab80] DEBUG - [FFMPEG] - pktnum:14315, pktct:3  pts: 458000
Apr 07, 2019 11:08:11.554 [0x7fcebe50ab80] DEBUG - [FFMPEG] - pktnum:14474, pktct:3  pts: 462000
Apr 07, 2019 11:08:11.554 [0x7fcebe50ab80] DEBUG - [FFMPEG] - pktnum:14525, pktct:4  pts: 464000
Apr 07, 2019 11:08:11.554 [0x7fcebe50ab80] DEBUG - [FFMPEG] - pktnum:14597, pktct:3  pts: 466000
Apr 07, 2019 11:08:11.554 [0x7fcebe50ab80] DEBUG - [FFMPEG] - pktnum:14616, pktct:5  pts: 467000
Apr 07, 2019 11:08:11.554 [0x7fcebe50ab80] DEBUG - [FFMPEG] - pktnum:14706, pktct:4  pts: 470000
Apr 07, 2019 11:08:11.554 [0x7fcebe50ab80] DEBUG - [FFMPEG] - pktnum:14726, pktct:5  pts: 471000
Apr 07, 2019 11:08:11.554 [0x7fcebe50ab80] DEBUG - [FFMPEG] - pktnum:14768, pktct:6  pts: 472000
Apr 07, 2019 11:08:11.554 [0x7fcebe50ab80] DEBUG - [FFMPEG] - pktnum:14858, pktct:6  pts: 475000
Apr 07, 2019 11:08:11.554 [0x7fcebe50ab80] DEBUG - [FFMPEG] - pktnum:14902, pktct:2  pts: 476000
Apr 07, 2019 11:08:11.554 [0x7fcebe50ab80] DEBUG - [FFMPEG] - pktnum:14972, pktct:4  pts: 478000
Apr 07, 2019 11:08:11.554 [0x7fcebe50ab80] DEBUG - [FFMPEG] - pktnum:15025, pktct:5  pts: 480000
Apr 07, 2019 11:08:11.554 [0x7fcebe50ab80] DEBUG - [FFMPEG] - pktnum:15057, pktct:4  pts: 481000
Apr 07, 2019 11:08:11.554 [0x7fcebe50ab80] DEBUG - [FFMPEG] - pktnum:15083, pktct:3  pts: 482000
Apr 07, 2019 11:08:11.554 [0x7fcebe50ab80] DEBUG - [FFMPEG] - pktnum:15143, pktct:5  pts: 484000
Apr 07, 2019 11:08:11.554 [0x7fcebe50ab80] DEBUG - [FFMPEG] - pktnum:15171, pktct:7  pts: 485000
Apr 07, 2019 11:08:11.554 [0x7fcebe50ab80] DEBUG - [FFMPEG] - pktnum:15277, pktct:2  pts: 488000
Apr 07, 2019 11:08:11.554 [0x7fcebe50ab80] DEBUG - [FFMPEG] - pktnum:15385, pktct:5  pts: 492000
Apr 07, 2019 11:08:11.554 [0x7fcebe50ab80] DEBUG - [FFMPEG] - pktnum:15545, pktct:2  pts: 497000
Apr 07, 2019 11:08:11.554 [0x7fcebe50ab80] DEBUG - [FFMPEG] - pktnum:15582, pktct:2  pts: 498000
Apr 07, 2019 11:08:11.554 [0x7fcebe50ab80] DEBUG - [FFMPEG] - pktnum:15686, pktct:2  pts: 501000
Apr 07, 2019 11:08:11.555 [0x7fcebe50ab80] DEBUG - [FFMPEG] - pktnum:15755, pktct:5  pts: 504000
Apr 07, 2019 11:08:11.555 [0x7fcebe50ab80] DEBUG - [FFMPEG] - pktnum:15830, pktct:8  pts: 506000
Apr 07, 2019 11:08:11.555 [0x7fcebe50ab80] DEBUG - [FFMPEG] - pktnum:15856, pktct:2  pts: 507000
Apr 07, 2019 11:08:11.555 [0x7fcebe50ab80] DEBUG - [FFMPEG] - pktnum:16155, pktct:5  pts: 517000
Apr 07, 2019 11:08:11.555 [0x7fcebe50ab80] DEBUG - [FFMPEG] - pktnum:16392, pktct:5  pts: 524000
Apr 07, 2019 11:08:11.555 [0x7fcebe50ab80] DEBUG - [FFMPEG] - pktnum:16597, pktct:8  pts: 530000
Apr 07, 2019 11:08:11.555 [0x7fcebe50ab80] DEBUG - [FFMPEG] - pktnum:16664, pktct:3  pts: 532000
Apr 07, 2019 11:08:11.555 [0x7fcebe50ab80] DEBUG - [FFMPEG] - pktnum:16714, pktct:3  pts: 534000
Apr 07, 2019 11:08:11.555 [0x7fcebe50ab80] DEBUG - [FFMPEG] - pktnum:16814, pktct:2  pts: 537000
Apr 07, 2019 11:08:11.555 [0x7fcebe50ab80] DEBUG - [FFMPEG] - pktnum:16831, pktct:3  pts: 538000
Apr 07, 2019 11:08:11.555 [0x7fcebe50ab80] DEBUG - [FFMPEG] - pktnum:16856, pktct:2  pts: 539000
Apr 07, 2019 11:08:11.555 [0x7fcebe50ab80] DEBUG - [FFMPEG] - pktnum:16938, pktct:6  pts: 541000
Apr 07, 2019 11:08:11.555 [0x7fcebe50ab80] DEBUG - [FFMPEG] - pktnum:17003, pktct:3  pts: 543000
Apr 07, 2019 11:08:11.555 [0x7fcebe50ab80] DEBUG - [FFMPEG] - pktnum:17053, pktct:4  pts: 545000
Apr 07, 2019 11:08:11.555 [0x7fcebe50ab80] DEBUG - [FFMPEG] - pktnum:17113, pktct:6  pts: 547000
Apr 07, 2019 11:08:11.555 [0x7fcebe50ab80] DEBUG - [FFMPEG] - pktnum:17325, pktct:5  pts: 554000
Apr 07, 2019 11:08:11.555 [0x7fcebe50ab80] DEBUG - [FFMPEG] - pktnum:17436, pktct:4  pts: 557000
Apr 07, 2019 11:08:11.555 [0x7fcebe50ab80] DEBUG - [FFMPEG] - pktnum:17475, pktct:3  pts: 559000
Apr 07, 2019 11:08:11.555 [0x7fcebe50ab80] DEBUG - [FFMPEG] - pktnum:17524, pktct:4  pts: 560000
Apr 07, 2019 11:08:11.555 [0x7fcebe50ab80] DEBUG - [FFMPEG] - pktnum:17558, pktct:3  pts: 561000
Apr 07, 2019 11:08:11.555 [0x7fcebe50ab80] DEBUG - [FFMPEG] - pktnum:17576, pktct:3  pts: 562000
Apr 07, 2019 11:08:11.555 [0x7fcebe50ab80] DEBUG - [FFMPEG] - pktnum:17634, pktct:3  pts: 564000
Apr 07, 2019 11:08:11.555 [0x7fcebe50ab80] DEBUG - [FFMPEG] - pktnum:17665, pktct:3  pts: 565000
Apr 07, 2019 11:08:11.555 [0x7fcebe50ab80] DEBUG - [FFMPEG] - pktnum:17719, pktct:3  pts: 566000
Apr 07, 2019 11:08:11.555 [0x7fcebe50ab80] DEBUG - [FFMPEG] - pktnum:17739, pktct:3  pts: 567000
Apr 07, 2019 11:08:11.555 [0x7fcebe50ab80] DEBUG - [FFMPEG] - pktnum:17770, pktct:3  pts: 568000
Apr 07, 2019 11:08:11.555 [0x7fcebe50ab80] DEBUG - [FFMPEG] - pktnum:17844, pktct:4  pts: 571000
Apr 07, 2019 11:08:11.556 [0x7fcebe50ab80] DEBUG - [FFMPEG] - pktnum:17892, pktct:4  pts: 572000
Apr 07, 2019 11:08:11.556 [0x7fcebe50ab80] DEBUG - [FFMPEG] - pktnum:17933, pktct:5  pts: 573000
Apr 07, 2019 11:08:11.556 [0x7fcebe50ab80] DEBUG - [FFMPEG] - pktnum:17949, pktct:3  pts: 574000
Apr 07, 2019 11:08:11.556 [0x7fcebe50ab80] DEBUG - [FFMPEG] - pktnum:17991, pktct:3  pts: 575000
Apr 07, 2019 11:08:11.556 [0x7fcebe50ab80] DEBUG - [FFMPEG] - pktnum:18011, pktct:2  pts: 576000
Apr 07, 2019 11:08:11.556 [0x7fcebe50ab80] DEBUG - [FFMPEG] - pktnum:18032, pktct:3  pts: 577000
Apr 07, 2019 11:08:11.556 [0x7fcebe50ab80] DEBUG - [FFMPEG] - pktnum:18084, pktct:6  pts: 578000
Apr 07, 2019 11:08:11.556 [0x7fcebe50ab80] DEBUG - [FFMPEG] - pktnum:18131, pktct:2  pts: 579000
Apr 07, 2019 11:08:11.556 [0x7fcebe50ab80] DEBUG - [FFMPEG] - pktnum:18149, pktct:2  pts: 580000
Apr 07, 2019 11:08:11.556 [0x7fcebe50ab80] DEBUG - [FFMPEG] - pktnum:18240, pktct:3  pts: 583000
Apr 07, 2019 11:08:11.556 [0x7fcebe50ab80] DEBUG - [FFMPEG] - pktnum:18277, pktct:2  pts: 584000
Apr 07, 2019 11:08:11.556 [0x7fcebe50ab80] DEBUG - [FFMPEG] - pktnum:18323, pktct:2  pts: 586000
Apr 07, 2019 11:08:11.556 [0x7fcebe50ab80] DEBUG - [FFMPEG] - pktnum:18351, pktct:4  pts: 587000
Apr 07, 2019 11:08:11.556 [0x7fcebe50ab80] DEBUG - [FFMPEG] - pktnum:18408, pktct:4  pts: 589000
Apr 07, 2019 11:08:11.556 [0x7fcebe50ab80] DEBUG - [FFMPEG] - pktnum:18448, pktct:5  pts: 590000
Apr 07, 2019 11:08:11.556 [0x7fcebe50ab80] DEBUG - [FFMPEG] - pktnum:18557, pktct:4  pts: 593000
Apr 07, 2019 11:08:11.556 [0x7fcebe50ab80] DEBUG - [FFMPEG] - pktnum:18599, pktct:3  pts: 595000
Apr 07, 2019 11:08:11.556 [0x7fcebe50ab80] DEBUG - [FFMPEG] - pktnum:18652, pktct:3  pts: 596000
Apr 07, 2019 11:08:11.556 [0x7fcebe50ab80] DEBUG - [FFMPEG] - pktnum:18677, pktct:4  pts: 597000
Apr 07, 2019 11:08:11.556 [0x7fcebe50ab80] DEBUG - [FFMPEG] - pktnum:18772, pktct:2  pts: 600000
Apr 07, 2019 11:08:11.556 [0x7fcebe50ab80] DEBUG - [FFMPEG] - pktnum:18803, pktct:4  pts: 601000
Apr 07, 2019 11:08:11.556 [0x7fcebe50ab80] DEBUG - [FFMPEG] - pktnum:18842, pktct:3  pts: 602000
Apr 07, 2019 11:08:11.556 [0x7fcebe50ab80] DEBUG - [FFMPEG] - pktnum:18886, pktct:3  pts: 604000
Apr 07, 2019 11:08:11.556 [0x7fcebe50ab80] DEBUG - [FFMPEG] - pktnum:18911, pktct:4  pts: 605000
Apr 07, 2019 11:08:11.556 [0x7fcebe50ab80] DEBUG - [FFMPEG] - pktnum:18952, pktct:3  pts: 606000
Apr 07, 2019 11:08:11.556 [0x7fcebe50ab80] DEBUG - [FFMPEG] - pktnum:18988, pktct:4  pts: 607000
Apr 07, 2019 11:08:11.556 [0x7fcebe50ab80] DEBUG - [FFMPEG] - pktnum:19071, pktct:2  pts: 610000
Apr 07, 2019 11:08:11.556 [0x7fcebe50ab80] DEBUG - [FFMPEG] - pktnum:19115, pktct:2  pts: 611000
Apr 07, 2019 11:08:11.557 [0x7fcebe50ab80] DEBUG - [FFMPEG] - pktnum:19132, pktct:4  pts: 612000
Apr 07, 2019 11:08:11.557 [0x7fcebe50ab80] DEBUG - [FFMPEG] - pktnum:19178, pktct:2  pts: 613000
Apr 07, 2019 11:08:11.557 [0x7fcebe50ab80] DEBUG - [FFMPEG] - pktnum:19239, pktct:2  pts: 615000
Apr 07, 2019 11:08:11.557 [0x7fcebe50ab80] DEBUG - [FFMPEG] - pktnum:19265, pktct:3  pts: 616000
Apr 07, 2019 11:08:11.557 [0x7fcebe50ab80] DEBUG - [FFMPEG] - pktnum:19340, pktct:3  pts: 618000
Apr 07, 2019 11:08:11.557 [0x7fcebe50ab80] DEBUG - [FFMPEG] - pktnum:19388, pktct:3  pts: 620000
Apr 07, 2019 11:08:11.557 [0x7fcebe50ab80] DEBUG - [FFMPEG] - pktnum:19422, pktct:3  pts: 621000
Apr 07, 2019 11:08:11.557 [0x7fcebe50ab80] DEBUG - [FFMPEG] - pktnum:19447, pktct:2  pts: 622000
Apr 07, 2019 11:08:11.557 [0x7fcebe50ab80] DEBUG - [FFMPEG] - pktnum:19494, pktct:3  pts: 623000
Apr 07, 2019 11:08:11.557 [0x7fcebe50ab80] DEBUG - [FFMPEG] - pktnum:19520, pktct:4  pts: 624000
Apr 07, 2019 11:08:11.557 [0x7fcebe50ab80] DEBUG - [FFMPEG] - pktnum:19550, pktct:2  pts: 625000
Apr 07, 2019 11:08:11.557 [0x7fcebe50ab80] DEBUG - [FFMPEG] - pktnum:19575, pktct:2  pts: 626000
Apr 07, 2019 11:08:11.557 [0x7fcebe50ab80] DEBUG - [FFMPEG] - pktnum:19621, pktct:2  pts: 627000
Apr 07, 2019 11:08:11.557 [0x7fcebe50ab80] DEBUG - [FFMPEG] - pktnum:19721, pktct:3  pts: 630000
Apr 07, 2019 11:08:11.557 [0x7fcebe50ab80] DEBUG - [FFMPEG] - pktnum:19750, pktct:3  pts: 631000
Apr 07, 2019 11:08:11.557 [0x7fcebe50ab80] DEBUG - [FFMPEG] - pktnum:19785, pktct:3  pts: 632000
Apr 07, 2019 11:08:11.557 [0x7fcebe50ab80] DEBUG - [FFMPEG] - pktnum:19801, pktct:3  pts: 633000
Apr 07, 2019 11:08:11.557 [0x7fcebe50ab80] DEBUG - [FFMPEG] - pktnum:19816, pktct:4  pts: 634000
Apr 07, 2019 11:08:11.557 [0x7fcebe50ab80] DEBUG - [FFMPEG] - pktnum:19871, pktct:3  pts: 635000
Apr 07, 2019 11:08:11.557 [0x7fcebe50ab80] DEBUG - [FFMPEG] - pktnum:19953, pktct:10  pts: 638000
Apr 07, 2019 11:08:11.557 [0x7fcebe50ab80] DEBUG - [FFMPEG] - pktnum:19990, pktct:3  pts: 639000
Apr 07, 2019 11:08:11.557 [0x7fcebe50ab80] DEBUG - [FFMPEG] - pktnum:20056, pktct:3  pts: 641000
Apr 07, 2019 11:08:11.557 [0x7fcebe50ab80] DEBUG - [FFMPEG] - pktnum:20085, pktct:3  pts: 642000
Apr 07, 2019 11:08:11.557 [0x7fcebe50ab80] DEBUG - [FFMPEG] - pktnum:20098, pktct:3  pts: 643000
Apr 07, 2019 11:08:11.557 [0x7fcebe50ab80] DEBUG - [FFMPEG] - pktnum:20215, pktct:3  pts: 646000
Apr 07, 2019 11:08:11.557 [0x7fcebe50ab80] DEBUG - [FFMPEG] - pktnum:20267, pktct:3  pts: 648000
Apr 07, 2019 11:08:11.557 [0x7fcebe50ab80] DEBUG - [FFMPEG] - pktnum:20324, pktct:3  pts: 649000
Apr 07, 2019 11:08:11.557 [0x7fcebe50ab80] DEBUG - [FFMPEG] - pktnum:20351, pktct:2  pts: 650000
Apr 07, 2019 11:08:11.558 [0x7fcebe50ab80] DEBUG - [FFMPEG] - pktnum:20365, pktct:4  pts: 651000
Apr 07, 2019 11:08:11.558 [0x7fcebe50ab80] DEBUG - [FFMPEG] - pktnum:20386, pktct:3  pts: 652000
Apr 07, 2019 11:08:11.558 [0x7fcebe50ab80] DEBUG - [FFMPEG] - pktnum:20517, pktct:3  pts: 655000
Apr 07, 2019 11:08:11.558 [0x7fcebe50ab80] DEBUG - [FFMPEG] - pktnum:20542, pktct:3  pts: 656000
Apr 07, 2019 11:08:11.558 [0x7fcebe50ab80] DEBUG - [FFMPEG] - pktnum:20560, pktct:3  pts: 657000
Apr 07, 2019 11:08:11.558 [0x7fcebe50ab80] DEBUG - [FFMPEG] - pktnum:20582, pktct:2  pts: 658000
Apr 07, 2019 11:08:11.558 [0x7fcebe50ab80] DEBUG - [FFMPEG] - pktnum:20620, pktct:4  pts: 659000
Apr 07, 2019 11:08:11.558 [0x7fcebe50ab80] DEBUG - [FFMPEG] - pktnum:20665, pktct:4  pts: 661000
Apr 07, 2019 11:08:11.558 [0x7fcebe50ab80] DEBUG - [FFMPEG] - pktnum:20776, pktct:8  pts: 665000
Apr 07, 2019 11:08:11.558 [0x7fcebe50ab80] DEBUG - [FFMPEG] - pktnum:20840, pktct:2  pts: 666000
Apr 07, 2019 11:08:11.558 [0x7fcebe50ab80] DEBUG - [FFMPEG] - pktnum:20862, pktct:2  pts: 667000
Apr 07, 2019 11:08:11.558 [0x7fcebe50ab80] DEBUG - [FFMPEG] - pktnum:20887, pktct:2  pts: 668000
Apr 07, 2019 11:08:11.558 [0x7fcebe50ab80] DEBUG - [FFMPEG] - pktnum:20954, pktct:3  pts: 670000
Apr 07, 2019 11:08:11.558 [0x7fcebe50ab80] DEBUG - [FFMPEG] - pktnum:20973, pktct:3  pts: 671000
Apr 07, 2019 11:08:11.558 [0x7fcebe50ab80] DEBUG - [FFMPEG] - pktnum:21130, pktct:5  pts: 676000
Apr 07, 2019 11:08:11.558 [0x7fcebe50ab80] DEBUG - [FFMPEG] - pktnum:21158, pktct:3  pts: 677000
Apr 07, 2019 11:08:11.558 [0x7fcebe50ab80] DEBUG - [FFMPEG] - pktnum:21193, pktct:3  pts: 678000
Apr 07, 2019 11:08:11.558 [0x7fcebe50ab80] DEBUG - [FFMPEG] - pktnum:21228, pktct:3  pts: 679000
Apr 07, 2019 11:08:11.558 [0x7fcebe50ab80] DEBUG - [FFMPEG] - pktnum:21266, pktct:2  pts: 680000
Apr 07, 2019 11:08:11.558 [0x7fcebe50ab80] DEBUG - [FFMPEG] - pktnum:21352, pktct:4  pts: 683000
Apr 07, 2019 11:08:11.558 [0x7fcebe50ab80] DEBUG - [FFMPEG] - pktnum:21448, pktct:9  pts: 686000
Apr 07, 2019 11:08:11.558 [0x7fcebe50ab80] DEBUG - [FFMPEG] - pktnum:21761, pktct:8  pts: 696000
Apr 07, 2019 11:08:11.558 [0x7fcebe50ab80] DEBUG - [FFMPEG] - pktnum:22075, pktct:8  pts: 706000
Apr 07, 2019 11:08:11.558 [0x7fcebe50ab80] DEBUG - [FFMPEG] - pktnum:22384, pktct:8  pts: 716000
Apr 07, 2019 11:08:11.558 [0x7fcebe50ab80] DEBUG - [FFMPEG] - pktnum:22694, pktct:11  pts: 726000
Apr 07, 2019 11:08:11.558 [0x7fcebe50ab80] DEBUG - [FFMPEG] - pktnum:23010, pktct:12  pts: 736000
Apr 07, 2019 11:08:11.558 [0x7fcebe50ab80] DEBUG - [FFMPEG] - pktnum:23323, pktct:9  pts: 746000
Apr 07, 2019 11:08:11.558 [0x7fcebe50ab80] DEBUG - [FFMPEG] - pktnum:23635, pktct:7  pts: 756000
Apr 07, 2019 11:08:11.558 [0x7fcebe50ab80] DEBUG - [FFMPEG] - pktnum:23947, pktct:5  pts: 766000
Apr 07, 2019 11:08:11.558 [0x7fcebe50ab80] DEBUG - [FFMPEG] - pktnum:24257, pktct:9  pts: 776000
Apr 07, 2019 11:08:11.558 [0x7fcebe50ab80] DEBUG - [FFMPEG] - pktnum:24573, pktct:4  pts: 786000
Apr 07, 2019 11:08:11.558 [0x7fcebe50ab80] DEBUG - [FFMPEG] - pktnum:24883, pktct:8  pts: 796000
Apr 07, 2019 11:08:11.559 [0x7fcebe50ab80] DEBUG - [FFMPEG] - pktnum:25129, pktct:10  pts: 805000
Apr 07, 2019 11:08:11.559 [0x7fcebe50ab80] DEBUG - [FFMPEG] - pktnum:25465, pktct:9  pts: 815000
Apr 07, 2019 11:08:11.559 [0x7fcebe50ab80] DEBUG - [FFMPEG] - pktnum:25776, pktct:6  pts: 825000
Apr 07, 2019 11:08:11.559 [0x7fcebe50ab80] DEBUG - [FFMPEG] - pktnum:26051, pktct:8  pts: 835000
Apr 07, 2019 11:08:11.559 [0x7fcebe50ab80] DEBUG - [FFMPEG] - pktnum:26360, pktct:8  pts: 845000
Apr 07, 2019 11:08:11.559 [0x7fcebe50ab80] DEBUG - [FFMPEG] - pktnum:26672, pktct:7  pts: 855000
Apr 07, 2019 11:08:11.559 [0x7fcebe50ab80] DEBUG - [FFMPEG] - pktnum:26984, pktct:7  pts: 865000
Apr 07, 2019 11:08:11.559 [0x7fcebe50ab80] DEBUG - [FFMPEG] - pktnum:27289, pktct:8  pts: 875000
Apr 07, 2019 11:08:11.559 [0x7fcebe50ab80] DEBUG - [FFMPEG] - pktnum:27608, pktct:8  pts: 885000
Apr 07, 2019 11:08:11.559 [0x7fcebe50ab80] DEBUG - [FFMPEG] - pktnum:27922, pktct:8  pts: 895000
Apr 07, 2019 11:08:11.559 [0x7fcebe50ab80] DEBUG - [FFMPEG] - pktnum:28277, pktct:7  pts: 905000
Apr 07, 2019 11:08:11.559 [0x7fcebe50ab80] DEBUG - [FFMPEG] - pktnum:28546, pktct:8  pts: 915000
Apr 07, 2019 11:08:11.559 [0x7fcebe50ab80] DEBUG - [FFMPEG] - pktnum:28841, pktct:8  pts: 925000
Apr 07, 2019 11:08:11.559 [0x7fcebe50ab80] DEBUG - [FFMPEG] - pktnum:29171, pktct:8  pts: 935000
Apr 07, 2019 11:08:11.559 [0x7fcebe50ab80] DEBUG - [FFMPEG] - pktnum:29490, pktct:7  pts: 945000
Apr 07, 2019 11:08:11.559 [0x7fcebe50ab80] DEBUG - [FFMPEG] - pktnum:29812, pktct:8  pts: 955000
Apr 07, 2019 11:08:11.559 [0x7fcebe50ab80] DEBUG - [FFMPEG] - pktnum:30122, pktct:7  pts: 965000
Apr 07, 2019 11:08:11.559 [0x7fcebe50ab80] DEBUG - [FFMPEG] - pktnum:30436, pktct:8  pts: 975000
Apr 07, 2019 11:08:11.559 [0x7fcebe50ab80] DEBUG - [FFMPEG] - pktnum:30760, pktct:7  pts: 985000
Apr 07, 2019 11:08:11.559 [0x7fcebe50ab80] DEBUG - [FFMPEG] - pktnum:31081, pktct:8  pts: 995000
Apr 07, 2019 11:08:11.559 [0x7fcebe50ab80] DEBUG - [FFMPEG] - pktnum:31398, pktct:8  pts: 1005000
Apr 07, 2019 11:08:11.559 [0x7fcebe50ab80] DEBUG - [FFMPEG] - pktnum:31694, pktct:8  pts: 1015000
Apr 07, 2019 11:08:11.559 [0x7fcebe50ab80] DEBUG - [FFMPEG] - pktnum:31980, pktct:8  pts: 1025000
Apr 07, 2019 11:08:11.559 [0x7fcebe50ab80] DEBUG - [FFMPEG] - pktnum:32306, pktct:8  pts: 1035000
Apr 07, 2019 11:08:11.559 [0x7fcebe50ab80] DEBUG - [FFMPEG] - pktnum:32555, pktct:3  pts: 1042000
Apr 07, 2019 11:08:11.559 [0x7fcebe50ab80] DEBUG - [FFMPEG] - pktnum:32558, pktct:12  pts: 1043000
Apr 07, 2019 11:08:11.559 [0x7fcebe50ab80] DEBUG - [FFMPEG] - pktnum:32898, pktct:9  pts: 1053000
Apr 07, 2019 11:08:11.559 [0x7fcebe50ab80] DEBUG - [FFMPEG] - pktnum:33209, pktct:7  pts: 1063000
Apr 07, 2019 11:08:11.559 [0x7fcebe50ab80] DEBUG - [FFMPEG] - pktnum:33518, pktct:6  pts: 1073000
Apr 07, 2019 11:08:11.559 [0x7fcebe50ab80] DEBUG - [FFMPEG] - pktnum:33830, pktct:7  pts: 1083000
Apr 07, 2019 11:08:11.560 [0x7fcebe50ab80] DEBUG - [FFMPEG] - pktnum:34142, pktct:6  pts: 1093000
Apr 07, 2019 11:08:11.560 [0x7fcebe50ab80] DEBUG - [FFMPEG] - pktnum:34455, pktct:6  pts: 1103000
Apr 07, 2019 11:08:11.560 [0x7fcebe50ab80] DEBUG - [FFMPEG] - pktnum:34767, pktct:7  pts: 1113000
Apr 07, 2019 11:08:11.560 [0x7fcebe50ab80] DEBUG - [FFMPEG] - pktnum:35080, pktct:6  pts: 1123000
Apr 07, 2019 11:08:11.560 [0x7fcebe50ab80] DEBUG - [FFMPEG] - pktnum:35392, pktct:8  pts: 1133000
Apr 07, 2019 11:08:11.560 [0x7fcebe50ab80] DEBUG - [FFMPEG] - pktnum:35705, pktct:4  pts: 1143000
Apr 07, 2019 11:08:11.560 [0x7fcebe50ab80] DEBUG - [FFMPEG] - pktnum:36015, pktct:8  pts: 1153000
Apr 07, 2019 11:08:11.560 [0x7fcebe50ab80] DEBUG - [FFMPEG] - pktnum:36329, pktct:5  pts: 1163000
Apr 07, 2019 11:08:11.560 [0x7fcebe50ab80] DEBUG - [FFMPEG] - pktnum:36642, pktct:4  pts: 1173000
Apr 07, 2019 11:08:11.560 [0x7fcebe50ab80] DEBUG - [FFMPEG] - pktnum:36952, pktct:7  pts: 1183000
Apr 07, 2019 11:08:11.560 [0x7fcebe50ab80] DEBUG - [FFMPEG] - pktnum:37262, pktct:6  pts: 1193000
Apr 07, 2019 11:08:11.560 [0x7fcebe50ab80] DEBUG - [FFMPEG] - pktnum:37580, pktct:6  pts: 1203000
Apr 07, 2019 11:08:11.560 [0x7fcebe50ab80] DEBUG - [FFMPEG] - pktnum:37891, pktct:5  pts: 1213000
Apr 07, 2019 11:08:11.560 [0x7fcebe50ab80] DEBUG - [FFMPEG] - pktnum:38204, pktct:6  pts: 1223000
Apr 07, 2019 11:08:11.560 [0x7fcebe50ab80] DEBUG - [FFMPEG] - pktnum:38514, pktct:9  pts: 1233000
Apr 07, 2019 11:08:11.560 [0x7fcebe50ab80] DEBUG - [FFMPEG] - pktnum:38828, pktct:6  pts: 1243000
Apr 07, 2019 11:08:11.560 [0x7fcebe50ab80] DEBUG - [FFMPEG] - pktnum:39135, pktct:9  pts: 1253000
Apr 07, 2019 11:08:11.560 [0x7fcebe50ab80] DEBUG - [FFMPEG] - pktnum:39452, pktct:7  pts: 1263000
Apr 07, 2019 11:08:11.560 [0x7fcebe50ab80] DEBUG - [FFMPEG] - pktnum:39764, pktct:7  pts: 1273000
Apr 07, 2019 11:08:11.560 [0x7fcebe50ab80] DEBUG - [FFMPEG] - pktnum:40084, pktct:4  pts: 1283000
Apr 07, 2019 11:08:11.560 [0x7fcebe50ab80] DEBUG - [FFMPEG] - pktnum:40392, pktct:6  pts: 1293000
Apr 07, 2019 11:08:11.560 [0x7fcebe50ab80] DEBUG - [FFMPEG] - pktnum:40705, pktct:6  pts: 1303000
Apr 07, 2019 11:08:11.560 [0x7fcebe50ab80] DEBUG - [FFMPEG] - pktnum:41017, pktct:10  pts: 1313000
Apr 07, 2019 11:08:11.560 [0x7fcebe50ab80] DEBUG - [FFMPEG] - pktnum:41196, pktct:13  pts: 1319000
Apr 07, 2019 11:08:11.560 [0x7fcebe50ab80] DEBUG - [FFMPEG] - pktnum:41517, pktct:13  pts: 1329000
Apr 07, 2019 11:08:11.560 [0x7fcebe50ab80] DEBUG - [FFMPEG] - pktnum:41830, pktct:13  pts: 1339000
Apr 07, 2019 11:08:11.560 [0x7fcebe50ab80] DEBUG - [FFMPEG] - pktnum:42130, pktct:15  pts: 1349000
Apr 07, 2019 11:08:11.560 [0x7fcebe50ab80] DEBUG - [FFMPEG] - pktnum:42454, pktct:14  pts: 1359000
Apr 07, 2019 11:08:11.560 [0x7fcebe50ab80] DEBUG - [FFMPEG] - pktnum:42661, pktct:7  pts: 1366000
Apr 07, 2019 11:08:11.560 [0x7fcebe50ab80] DEBUG - [FFMPEG] - pktnum:42736, pktct:13  pts: 1368000
Apr 07, 2019 11:08:11.560 [0x7fcebe50ab80] DEBUG - [FFMPEG] - pktnum:43038, pktct:15  pts: 1378000
Apr 07, 2019 11:08:11.561 [0x7fcebe50ab80] DEBUG - [FFMPEG] - pktnum:43358, pktct:9  pts: 1388000
Apr 07, 2019 11:08:11.561 [0x7fcebe50ab80] DEBUG - [FFMPEG] - pktnum:43673, pktct:11  pts: 1398000
Apr 07, 2019 11:08:11.561 [0x7fcebe50ab80] DEBUG - [FFMPEG] - pktnum:43985, pktct:6  pts: 1408000
Apr 07, 2019 11:08:11.561 [0x7fcebe50ab80] DEBUG - [FFMPEG] - pktnum:44250, pktct:4  pts: 1418000
Apr 07, 2019 11:08:11.561 [0x7fcebe50ab80] DEBUG - [FFMPEG] - pktnum:44542, pktct:5  pts: 1428000
Apr 07, 2019 11:08:11.561 [0x7fcebe50ab80] DEBUG - [FFMPEG] - pktnum:44802, pktct:2  pts: 1438000
Apr 07, 2019 11:08:11.561 [0x7fcebe50ab80] DEBUG - [FFMPEG] - pktnum:45150, pktct:7  pts: 1448000
Apr 07, 2019 11:08:11.561 [0x7fcebe50ab80] DEBUG - [FFMPEG] - pktnum:45437, pktct:4  pts: 1458000
Apr 07, 2019 11:08:11.561 [0x7fcebe50ab80] DEBUG - [FFMPEG] - pktnum:45733, pktct:3  pts: 1466000
Apr 07, 2019 11:08:11.561 [0x7fcebe50ab80] DEBUG - [FFMPEG] - pktnum:45781, pktct:6  pts: 1468000
Apr 07, 2019 11:08:11.561 [0x7fcebe50ab80] DEBUG - [FFMPEG] - pktnum:45868, pktct:2  pts: 1471000
Apr 07, 2019 11:08:11.561 [0x7fcebe50ab80] DEBUG - [FFMPEG] - pktnum:46022, pktct:2  pts: 1481000
Apr 07, 2019 11:08:11.561 [0x7fcebe50ab80] DEBUG - [FFMPEG] - pktnum:46309, pktct:5  pts: 1491000
Apr 07, 2019 11:08:11.561 [0x7fcebe50ab80] DEBUG - [FFMPEG] - pktnum:46631, pktct:6  pts: 1501000
Apr 07, 2019 11:08:11.561 [0x7fcebe50ab80] DEBUG - [FFMPEG] - pktnum:46947, pktct:5  pts: 1511000
Apr 07, 2019 11:08:11.561 [0x7fcebe50ab80] DEBUG - [FFMPEG] - pktnum:47245, pktct:6  pts: 1521000
Apr 07, 2019 11:08:11.561 [0x7fcebe50ab80] DEBUG - [FFMPEG] - pktnum:47588, pktct:4  pts: 1531000
Apr 07, 2019 11:08:11.561 [0x7fcebe50ab80] DEBUG - [FFMPEG] - pktnum:47882, pktct:4  pts: 1541000
Apr 07, 2019 11:08:11.561 [0x7fcebe50ab80] DEBUG - [FFMPEG] - pktnum:48178, pktct:4  pts: 1551000
Apr 07, 2019 11:08:11.561 [0x7fcebe50ab80] DEBUG - [FFMPEG] - pktnum:48304, pktct:5  pts: 1554000
Apr 07, 2019 11:08:11.561 [0x7fcebe50ab80] DEBUG - [FFMPEG] - pktnum:48543, pktct:6  pts: 1561000
Apr 07, 2019 11:08:11.561 [0x7fcebe50ab80] DEBUG - [FFMPEG] - pktnum:48577, pktct:3  pts: 1562000
Apr 07, 2019 11:08:11.561 [0x7fcebe50ab80] DEBUG - [FFMPEG] - pktnum:48605, pktct:4  pts: 1563000
Apr 07, 2019 11:08:11.561 [0x7fcebe50ab80] DEBUG - [FFMPEG] - pktnum:48692, pktct:6  pts: 1566000
Apr 07, 2019 11:08:11.561 [0x7fcebe50ab80] DEBUG - [FFMPEG] - pktnum:48736, pktct:5  pts: 1567000
Apr 07, 2019 11:08:11.561 [0x7fcebe50ab80] DEBUG - [FFMPEG] - pktnum:48763, pktct:6  pts: 1568000
Apr 07, 2019 11:08:11.561 [0x7fcebe50ab80] DEBUG - [FFMPEG] - pktnum:48811, pktct:2  pts: 1570000
Apr 07, 2019 11:08:11.561 [0x7fcebe50ab80] DEBUG - [FFMPEG] - pktnum:49061, pktct:4  pts: 1580000
Apr 07, 2019 11:08:11.561 [0x7fcebe50ab80] DEBUG - [FFMPEG] - pktnum:49332, pktct:4  pts: 1587000
Apr 07, 2019 11:08:11.562 [0x7fcebe50ab80] DEBUG - [FFMPEG] - pktnum:49382, pktct:3  pts: 1588000
Apr 07, 2019 11:08:11.562 [0x7fcebe50ab80] DEBUG - [FFMPEG] - pktnum:49663, pktct:6  pts: 1598000
Apr 07, 2019 11:08:11.562 [0x7fcebe50ab80] DEBUG - [FFMPEG] - pktnum:49988, pktct:5  pts: 1608000
Apr 07, 2019 11:08:11.562 [0x7fcebe50ab80] DEBUG - [FFMPEG] - pktnum:50310, pktct:4  pts: 1618000
Apr 07, 2019 11:08:11.562 [0x7fcebe50ab80] DEBUG - [FFMPEG] - pktnum:50615, pktct:4  pts: 1628000
Apr 07, 2019 11:08:11.562 [0x7fcebe50ab80] DEBUG - [FFMPEG] - pktnum:50899, pktct:5  pts: 1638000
Apr 07, 2019 11:08:11.562 [0x7fcebe50ab80] DEBUG - [FFMPEG] - pktnum:51180, pktct:3  pts: 1648000
Apr 07, 2019 11:08:11.562 [0x7fcebe50ab80] DEBUG - [FFMPEG] - pktnum:51240, pktct:12  pts: 1651000
Apr 07, 2019 11:08:11.562 [0x7fcebe50ab80] DEBUG - [FFMPEG] - pktnum:51629, pktct:15  pts: 1661000
Apr 07, 2019 11:08:11.562 [0x7fcebe50ab80] DEBUG - [FFMPEG] - pktnum:51878, pktct:16  pts: 1671000
Apr 07, 2019 11:08:11.562 [0x7fcebe50ab80] DEBUG - [FFMPEG] - pktnum:52229, pktct:13  pts: 1681000
Apr 07, 2019 11:08:11.562 [0x7fcebe50ab80] DEBUG - [FFMPEG] - pktnum:52560, pktct:17  pts: 1691000
Apr 07, 2019 11:08:11.562 [0x7fcebe50ab80] DEBUG - [FFMPEG] - pktnum:52638, pktct:1  pts: 1693000
Apr 07, 2019 11:08:11.562 [0x7fcebe50ab80] DEBUG - [FFMPEG] - SEEKTO: 38069162
Apr 07, 2019 11:08:11.576 [0x7fcebe50ab80] DEBUG - [FFMPEG] - I7:10/
Apr 07, 2019 11:08:11.576 [0x7fcebe50ab80] ERROR - [FFMPEG] - video_get_buffer: image parameters invalid
Apr 07, 2019 11:08:11.576 [0x7fcebe50ab80] ERROR - [FFMPEG] - get_buffer() failed
Apr 07, 2019 11:08:11.576 [0x7fcebe50ab80] ERROR - [FFMPEG] - thread_get_buffer() failed
Apr 07, 2019 11:08:11.576 [0x7fcebe50ab80] ERROR - [FFMPEG] - get_buffer() failed (-22 (nil))
Apr 07, 2019 11:08:11.576 [0x7fcebe50ab80] ERROR - [MI] Error sending packet: Operation not permitted
Apr 07, 2019 11:08:11.577 [0x7fcebe50ab80] DEBUG - [FFMPEG] - Format yuv420p chosen by get_format().
Apr 07, 2019 11:08:11.578 [0x7fcebe50ab80] DEBUG - [FFMPEG] - SEEKTO: 38970218
Apr 07, 2019 11:08:11.607 [0x7fcebe50ab80] DEBUG - [FFMPEG] - I7:F/
Apr 07, 2019 11:08:11.607 [0x7fcebe50ab80] ERROR - [FFMPEG] - video_get_buffer: image parameters invalid
Apr 07, 2019 11:08:11.607 [0x7fcebe50ab80] ERROR - [FFMPEG] - get_buffer() failed
Apr 07, 2019 11:08:11.607 [0x7fcebe50ab80] ERROR - [FFMPEG] - thread_get_buffer() failed
Apr 07, 2019 11:08:11.607 [0x7fcebe50ab80] ERROR - [FFMPEG] - get_buffer() failed (-22 (nil))
Apr 07, 2019 11:08:11.607 [0x7fcebe50ab80] ERROR - [MI] Error sending packet: Operation not permitted
Apr 07, 2019 11:08:11.607 [0x7fcebe50ab80] DEBUG - [FFMPEG] - Format yuv420p chosen by get_format().
Apr 07, 2019 11:08:11.608 [0x7fcebe50ab80] DEBUG - [FFMPEG] - SEEKTO: 39410638
Apr 07, 2019 11:08:11.612 [0x7fcebe50ab80] DEBUG - [FFMPEG] - I7:A/
Apr 07, 2019 11:08:11.612 [0x7fcebe50ab80] ERROR - [FFMPEG] - video_get_buffer: image parameters invalid
Apr 07, 2019 11:08:11.612 [0x7fcebe50ab80] ERROR - [FFMPEG] - get_buffer() failed
Apr 07, 2019 11:08:11.612 [0x7fcebe50ab80] ERROR - [FFMPEG] - thread_get_buffer() failed
Apr 07, 2019 11:08:11.612 [0x7fcebe50ab80] ERROR - [FFMPEG] - get_buffer() failed (-22 (nil))
Apr 07, 2019 11:08:11.612 [0x7fcebe50ab80] ERROR - [MI] Error sending packet: Operation not permitted
Apr 07, 2019 11:08:11.612 [0x7fcebe50ab80] DEBUG - [MI] Closing input file: "/music/New/Children Of Bodom/Children Of Bodom - Video/Metal Injection - Episode 301 (Children Of Bodom,Behemoth,Bury Your Dead,Sentenced).wmv"
Apr 07, 2019 11:08:11.612 [0x7fcebe50ab80] DEBUG - [FFMPEG] - Statistics: 239680 bytes read, 5 seeks
Apr 07, 2019 11:08:11.658 [0x7fcebe50ab80] DEBUG - Downloading document http://127.0.0.1:32400/library/changestamp
Apr 07, 2019 11:08:11.658 [0x7fcebe50ab80] DEBUG - HTTP requesting GET http://127.0.0.1:32400/library/changestamp
Apr 07, 2019 11:08:11.660 [0x7fcebe50ab80] DEBUG - HTTP 200 response from GET http://127.0.0.1:32400/library/changestamp
Apr 07, 2019 11:08:11.660 [0x7fcebe50ab80] DEBUG - Updating metadata item (save) (Metal Injection - Episode 301 (Children Of Bodom,Behemoth,Bury Your Dead,Sentenced)) with ID 2241
Apr 07, 2019 11:08:11.662 [0x7fceafdf7700] DEBUG - HTTP requesting GET http://127.0.0.1:32400/:/metadata/flushMetadataCounterCache
Apr 07, 2019 11:08:11.664 [0x7fceafdf7700] DEBUG - HTTP 200 response from GET http://127.0.0.1:32400/:/metadata/flushMetadataCounterCache
Apr 07, 2019 11:08:11.674 [0x7fcebe50ab80] DEBUG - Downloading document http://127.0.0.1:32400/library/changestamp
Apr 07, 2019 11:08:11.674 [0x7fceafdf7700] DEBUG - HTTP requesting GET http://127.0.0.1:32400/:/metadata/notify/changeItemState?librarySectionID=-1&metadataItemID=2241&metadataType=12&state=-1&mediaState=analyzing
Apr 07, 2019 11:08:11.675 [0x7fcebe50ab80] DEBUG - HTTP requesting GET http://127.0.0.1:32400/library/changestamp
Apr 07, 2019 11:08:11.676 [0x7fceafdf7700] DEBUG - HTTP 200 response from GET http://127.0.0.1:32400/:/metadata/notify/changeItemState?librarySectionID=-1&metadataItemID=2241&metadataType=12&state=-1&mediaState=analyzing
Apr 07, 2019 11:08:11.677 [0x7fceafdf7700] DEBUG - HTTP requesting GET http://127.0.0.1:32400/:/metadata/notify/changeItemState?librarySectionID=-1&metadataItemID=2241&metadataType=12&state=-1&mediaState=thumbnailing
Apr 07, 2019 11:08:11.677 [0x7fcebe50ab80] DEBUG - HTTP 200 response from GET http://127.0.0.1:32400/library/changestamp
Apr 07, 2019 11:08:11.677 [0x7fcebe50ab80] DEBUG - Updating metadata item (save) (Metal Injection - Episode 301 (Children Of Bodom,Behemoth,Bury Your Dead,Sentenced)) with ID 2241
Apr 07, 2019 11:08:11.681 [0x7fceafdf7700] DEBUG - HTTP 200 response from GET http://127.0.0.1:32400/:/metadata/notify/changeItemState?librarySectionID=-1&metadataItemID=2241&metadataType=12&state=-1&mediaState=thumbnailing
Apr 07, 2019 11:08:11.681 [0x7fceafdf7700] DEBUG - HTTP requesting GET http://127.0.0.1:32400/:/metadata/notify/changeItemState?librarySectionID=-1&metadataItemID=2241&metadataType=12&state=-1&mediaState=idle
Apr 07, 2019 11:08:11.684 [0x7fceafdf7700] DEBUG - HTTP 200 response from GET http://127.0.0.1:32400/:/metadata/notify/changeItemState?librarySectionID=-1&metadataItemID=2241&metadataType=12&state=-1&mediaState=idle
Apr 07, 2019 11:08:11.684 [0x7fceafdf7700] DEBUG - HTTP requesting GET http://127.0.0.1:32400/:/metadata/flushMetadataCounterCache
Apr 07, 2019 11:08:11.688 [0x7fceafdf7700] DEBUG - HTTP 200 response from GET http://127.0.0.1:32400/:/metadata/flushMetadataCounterCache
